<?xml version="1.0" encoding="UTF-8"?>
<!-- Generated by org.testng.reporters.JUnitReportReporter -->
<testsuite hostname="LAPTOP-T8SEP29H" failures="0" tests="1" name="com.mystore.testcases.AccountCreationPageTest" time="9.694" errors="0" timestamp="2022-08-19T11:52:52 EDT" skipped="0">
  <testcase classname="com.mystore.testcases.AccountCreationPageTest" name="validateCreateAcoountCreationPage" time="9.694"/>
  <system-out/>
</testsuite> <!-- com.mystore.testcases.AccountCreationPageTest -->
