<?xml version="1.0" encoding="UTF-8"?>
<!-- Generated by org.testng.reporters.JUnitReportReporter -->
<testsuite hostname="LAPTOP-T8SEP29H" failures="0" tests="1" name="com.mystore.testcases.LoginPageTest" time="31.960" errors="0" timestamp="2022-08-25T12:42:44 EDT" skipped="0">
  <testcase classname="com.mystore.testcases.LoginPageTest" name="loginTest" time="31.960"/>
  <system-out/>
</testsuite> <!-- com.mystore.testcases.LoginPageTest -->
