<?xml version="1.0" encoding="UTF-8"?>
<!-- Generated by org.testng.reporters.JUnitReportReporter -->
<testsuite hostname="LAPTOP-T8SEP29H" failures="0" tests="1" name="com.mystore.testcases.EndToEndTest" time="44.438" errors="0" timestamp="2022-08-20T09:12:25 EDT" skipped="0">
  <testcase classname="com.mystore.testcases.EndToEndTest" name="endToendTest" time="44.438"/>
  <system-out/>
</testsuite> <!-- com.mystore.testcases.EndToEndTest -->
