<?xml version="1.0" encoding="UTF-8"?>
<!-- Generated by org.testng.reporters.JUnitReportReporter -->
<testsuite hostname="LAPTOP-T8SEP29H" failures="0" tests="1" name="com.mystore.testcases.AddToCartTest" time="10.345" errors="0" timestamp="2022-08-24T15:45:34 EDT" skipped="0">
  <testcase classname="com.mystore.testcases.AddToCartTest" name="addtoCartTest" time="10.345"/>
  <system-out/>
</testsuite> <!-- com.mystore.testcases.AddToCartTest -->
