<?xml version="1.0" encoding="UTF-8"?>
<!-- Generated by org.testng.reporters.JUnitReportReporter -->
<testsuite hostname="LAPTOP-T8SEP29H" failures="0" tests="2" name="com.mystore.testcases.IndexPageTest" time="9.287" errors="0" timestamp="2022-08-24T16:24:51 EDT" skipped="0">
  <testcase classname="com.mystore.testcases.IndexPageTest" name="verifyLogo" time="4.078"/>
  <system-out/>
  <testcase classname="com.mystore.testcases.IndexPageTest" name="verifyTitle" time="5.209"/>
  <system-out/>
</testsuite> <!-- com.mystore.testcases.IndexPageTest -->
