<?xml version="1.0" encoding="UTF-8"?>
<!-- Generated by org.testng.reporters.JUnitReportReporter -->
<testsuite hostname="LAPTOP-T8SEP29H" failures="0" tests="2" name="com.mystore.testcases.IndexPageTest" time="12.409" errors="0" timestamp="2022-08-19T10:16:10 EDT" skipped="0">
  <testcase classname="com.mystore.testcases.IndexPageTest" name="verifyLogo" time="8.001"/>
  <system-out/>
  <testcase classname="com.mystore.testcases.IndexPageTest" name="verifyTitle" time="4.408"/>
  <system-out/>
</testsuite> <!-- com.mystore.testcases.IndexPageTest -->
