<?xml version="1.0" encoding="UTF-8"?>
<!-- Generated by org.testng.reporters.JUnitReportReporter -->
<testsuite hostname="LAPTOP-T8SEP29H" failures="0" tests="1" name="com.mystore.testcases.SearchResultPageTest" time="6.418" errors="0" timestamp="2022-08-19T15:08:26 EDT" skipped="0">
  <testcase classname="com.mystore.testcases.SearchResultPageTest" name="productAvailabilityTest" time="6.418"/>
  <system-out/>
</testsuite> <!-- com.mystore.testcases.SearchResultPageTest -->
