<?xml version="1.0" encoding="UTF-8"?>
<!-- Generated by org.testng.reporters.JUnitReportReporter -->
<testsuite hostname="LAPTOP-T8SEP29H" failures="0" tests="2" name="com.mystore.testcases.HomePageTest" time="26.399" errors="0" timestamp="2022-08-19T11:03:47 EDT" skipped="0">
  <testcase classname="com.mystore.testcases.HomePageTest" name="wishListTest" time="12.570"/>
  <system-out/>
  <testcase classname="com.mystore.testcases.HomePageTest" name="orderHistory" time="13.829"/>
  <system-out/>
</testsuite> <!-- com.mystore.testcases.HomePageTest -->
