<?xml version="1.0" encoding="UTF-8"?>
<!-- Generated by org.testng.reporters.JUnitReportReporter -->
<testsuite hostname="LAPTOP-T8SEP29H" failures="0" tests="1" name="com.mystore.testcases.OrderPageTest" time="21.595" errors="0" timestamp="2022-08-19T17:03:26 EDT" skipped="0">
  <testcase classname="com.mystore.testcases.OrderPageTest" name="verifyTotalPrice" time="21.595"/>
  <system-out/>
</testsuite> <!-- com.mystore.testcases.OrderPageTest -->
