<?xml version="1.0" encoding="UTF-8"?>
<!-- Generated by org.testng.reporters.JUnitReportReporter -->
<testsuite hostname="LAPTOP-T8SEP29H" failures="0" tests="1" name="com.mystore.testcases.LoginPageTest" time="22.668" errors="0" timestamp="2022-08-23T11:02:57 EDT" skipped="0">
  <testcase classname="com.mystore.testcases.LoginPageTest" name="loginTest" time="22.668"/>
  <system-out/>
</testsuite> <!-- com.mystore.testcases.LoginPageTest -->
